{"/Users/temitopealabi/Documents/personal/jobs/Vivacity_Tech/backend/src/env.ts": {"path":"/Users/temitopealabi/Documents/personal/jobs/Vivacity_Tech/backend/src/env.ts","statementMap":{"0":{"start":{"line":2,"column":0},"end":{"line":2,"column":16}},"1":{"start":{"line":4,"column":12},"end":{"line":13,"column":1}}},"fnMap":{},"branchMap":{},"s":{"0":2,"1":2},"f":{},"b":{},"_coverageSchema":"1a1c01bbd47fc00a2c39e90264f33305004495a9","hash":"777a7dc2f2ee7724a19ab221c761a415ce02ce1a"}
,"/Users/temitopealabi/Documents/personal/jobs/Vivacity_Tech/backend/src/controllers/applicant.control.ts": {"path":"/Users/temitopealabi/Documents/personal/jobs/Vivacity_Tech/backend/src/controllers/applicant.control.ts","statementMap":{"0":{"start":{"line":7,"column":13},"end":{"line":17,"column":5}},"1":{"start":{"line":8,"column":8},"end":{"line":16,"column":9}},"2":{"start":{"line":9,"column":43},"end":{"line":9,"column":51}},"3":{"start":{"line":10,"column":12},"end":{"line":10,"column":88}},"4":{"start":{"line":11,"column":12},"end":{"line":11,"column":96}},"5":{"start":{"line":13,"column":12},"end":{"line":13,"column":31}},"6":{"start":{"line":14,"column":27},"end":{"line":14,"column":51}},"7":{"start":{"line":15,"column":12},"end":{"line":15,"column":96}},"8":{"start":{"line":20,"column":16},"end":{"line":40,"column":5}},"9":{"start":{"line":21,"column":8},"end":{"line":39,"column":9}},"10":{"start":{"line":22,"column":37},"end":{"line":22,"column":45}},"11":{"start":{"line":23,"column":38},"end":{"line":23,"column":81}},"12":{"start":{"line":25,"column":12},"end":{"line":25,"column":99}},"13":{"start":{"line":25,"column":31},"end":{"line":25,"column":99}},"14":{"start":{"line":26,"column":12},"end":{"line":30,"column":15}},"15":{"start":{"line":32,"column":12},"end":{"line":32,"column":38}},"16":{"start":{"line":33,"column":12},"end":{"line":33,"column":116}},"17":{"start":{"line":36,"column":12},"end":{"line":36,"column":31}},"18":{"start":{"line":37,"column":27},"end":{"line":37,"column":51}},"19":{"start":{"line":38,"column":12},"end":{"line":38,"column":96}},"20":{"start":{"line":42,"column":15},"end":{"line":56,"column":5}},"21":{"start":{"line":43,"column":8},"end":{"line":55,"column":9}},"22":{"start":{"line":44,"column":26},"end":{"line":44,"column":56}},"23":{"start":{"line":45,"column":27},"end":{"line":45,"column":54}},"24":{"start":{"line":46,"column":26},"end":{"line":46,"column":52}},"25":{"start":{"line":48,"column":25},"end":{"line":48,"column":60}},"26":{"start":{"line":50,"column":12},"end":{"line":50,"column":110}},"27":{"start":{"line":52,"column":12},"end":{"line":52,"column":31}},"28":{"start":{"line":53,"column":27},"end":{"line":53,"column":51}},"29":{"start":{"line":54,"column":12},"end":{"line":54,"column":103}},"30":{"start":{"line":58,"column":18},"end":{"line":76,"column":5}},"31":{"start":{"line":59,"column":8},"end":{"line":75,"column":9}},"32":{"start":{"line":60,"column":50},"end":{"line":60,"column":58}},"33":{"start":{"line":61,"column":12},"end":{"line":70,"column":13}},"34":{"start":{"line":62,"column":16},"end":{"line":62,"column":53}},"35":{"start":{"line":65,"column":16},"end":{"line":65,"column":50}},"36":{"start":{"line":66,"column":25},"end":{"line":66,"column":115}},"37":{"start":{"line":69,"column":12},"end":{"line":69,"column":110}},"38":{"start":{"line":72,"column":12},"end":{"line":72,"column":33}},"39":{"start":{"line":73,"column":27},"end":{"line":73,"column":83}},"40":{"start":{"line":74,"column":12},"end":{"line":74,"column":103}},"41":{"start":{"line":78,"column":16},"end":{"line":96,"column":5}},"42":{"start":{"line":79,"column":8},"end":{"line":95,"column":9}},"43":{"start":{"line":81,"column":38},"end":{"line":81,"column":46}},"44":{"start":{"line":82,"column":25},"end":{"line":82,"column":72}},"45":{"start":{"line":84,"column":12},"end":{"line":89,"column":13}},"46":{"start":{"line":84,"column":35},"end":{"line":84,"column":103}},"47":{"start":{"line":87,"column":28},"end":{"line":87,"column":42}},"48":{"start":{"line":88,"column":16},"end":{"line":88,"column":41}},"49":{"start":{"line":90,"column":12},"end":{"line":90,"column":96}},"50":{"start":{"line":92,"column":12},"end":{"line":92,"column":31}},"51":{"start":{"line":93,"column":27},"end":{"line":93,"column":51}},"52":{"start":{"line":94,"column":12},"end":{"line":94,"column":96}},"53":{"start":{"line":98,"column":15},"end":{"line":111,"column":5}},"54":{"start":{"line":99,"column":8},"end":{"line":110,"column":9}},"55":{"start":{"line":100,"column":26},"end":{"line":100,"column":58}},"56":{"start":{"line":101,"column":27},"end":{"line":101,"column":56}},"57":{"start":{"line":102,"column":26},"end":{"line":102,"column":52}},"58":{"start":{"line":103,"column":34},"end":{"line":103,"column":77}},"59":{"start":{"line":104,"column":25},"end":{"line":104,"column":38}},"60":{"start":{"line":105,"column":12},"end":{"line":105,"column":111}},"61":{"start":{"line":107,"column":12},"end":{"line":107,"column":31}},"62":{"start":{"line":108,"column":27},"end":{"line":108,"column":51}},"63":{"start":{"line":109,"column":12},"end":{"line":109,"column":105}},"64":{"start":{"line":116,"column":16},"end":{"line":125,"column":5}},"65":{"start":{"line":117,"column":8},"end":{"line":124,"column":9}},"66":{"start":{"line":118,"column":12},"end":{"line":118,"column":44}},"67":{"start":{"line":119,"column":12},"end":{"line":119,"column":109}},"68":{"start":{"line":121,"column":12},"end":{"line":121,"column":31}},"69":{"start":{"line":122,"column":27},"end":{"line":122,"column":51}},"70":{"start":{"line":123,"column":12},"end":{"line":123,"column":105}}},"fnMap":{"0":{"name":"(anonymous_0)","decl":{"start":{"line":7,"column":13},"end":{"line":7,"column":14}},"loc":{"start":{"line":7,"column":52},"end":{"line":17,"column":5}},"line":7},"1":{"name":"(anonymous_1)","decl":{"start":{"line":20,"column":16},"end":{"line":20,"column":17}},"loc":{"start":{"line":20,"column":55},"end":{"line":40,"column":5}},"line":20},"2":{"name":"(anonymous_2)","decl":{"start":{"line":42,"column":15},"end":{"line":42,"column":16}},"loc":{"start":{"line":42,"column":54},"end":{"line":56,"column":5}},"line":42},"3":{"name":"(anonymous_3)","decl":{"start":{"line":58,"column":18},"end":{"line":58,"column":19}},"loc":{"start":{"line":58,"column":57},"end":{"line":76,"column":5}},"line":58},"4":{"name":"(anonymous_4)","decl":{"start":{"line":78,"column":16},"end":{"line":78,"column":17}},"loc":{"start":{"line":78,"column":55},"end":{"line":96,"column":5}},"line":78},"5":{"name":"(anonymous_5)","decl":{"start":{"line":98,"column":15},"end":{"line":98,"column":16}},"loc":{"start":{"line":98,"column":54},"end":{"line":111,"column":5}},"line":98},"6":{"name":"(anonymous_6)","decl":{"start":{"line":116,"column":16},"end":{"line":116,"column":17}},"loc":{"start":{"line":116,"column":55},"end":{"line":125,"column":5}},"line":116}},"branchMap":{"0":{"loc":{"start":{"line":25,"column":12},"end":{"line":25,"column":99}},"type":"if","locations":[{"start":{"line":25,"column":12},"end":{"line":25,"column":99}},{"start":{},"end":{}}],"line":25},"1":{"loc":{"start":{"line":26,"column":12},"end":{"line":30,"column":14}},"type":"cond-expr","locations":[{"start":{"line":26,"column":32},"end":{"line":28,"column":14}},{"start":{"line":28,"column":16},"end":{"line":30,"column":14}}],"line":26},"2":{"loc":{"start":{"line":44,"column":26},"end":{"line":44,"column":56}},"type":"binary-expr","locations":[{"start":{"line":44,"column":26},"end":{"line":44,"column":49}},{"start":{"line":44,"column":53},"end":{"line":44,"column":56}}],"line":44},"3":{"loc":{"start":{"line":45,"column":27},"end":{"line":45,"column":54}},"type":"binary-expr","locations":[{"start":{"line":45,"column":27},"end":{"line":45,"column":49}},{"start":{"line":45,"column":53},"end":{"line":45,"column":54}}],"line":45},"4":{"loc":{"start":{"line":61,"column":12},"end":{"line":70,"column":13}},"type":"if","locations":[{"start":{"line":61,"column":12},"end":{"line":70,"column":13}},{"start":{"line":64,"column":16},"end":{"line":70,"column":13}}],"line":61},"5":{"loc":{"start":{"line":73,"column":37},"end":{"line":73,"column":82}},"type":"binary-expr","locations":[{"start":{"line":73,"column":37},"end":{"line":73,"column":51}},{"start":{"line":73,"column":55},"end":{"line":73,"column":82}}],"line":73},"6":{"loc":{"start":{"line":84,"column":12},"end":{"line":89,"column":13}},"type":"if","locations":[{"start":{"line":84,"column":12},"end":{"line":89,"column":13}},{"start":{"line":85,"column":17},"end":{"line":89,"column":13}}],"line":84},"7":{"loc":{"start":{"line":100,"column":26},"end":{"line":100,"column":58}},"type":"binary-expr","locations":[{"start":{"line":100,"column":26},"end":{"line":100,"column":51}},{"start":{"line":100,"column":55},"end":{"line":100,"column":58}}],"line":100},"8":{"loc":{"start":{"line":101,"column":27},"end":{"line":101,"column":56}},"type":"binary-expr","locations":[{"start":{"line":101,"column":27},"end":{"line":101,"column":51}},{"start":{"line":101,"column":55},"end":{"line":101,"column":56}}],"line":101}},"s":{"0":2,"1":1,"2":1,"3":1,"4":1,"5":0,"6":0,"7":0,"8":2,"9":2,"10":2,"11":2,"12":2,"13":1,"14":2,"15":1,"16":1,"17":1,"18":1,"19":1,"20":2,"21":1,"22":1,"23":1,"24":1,"25":1,"26":1,"27":0,"28":0,"29":0,"30":2,"31":3,"32":3,"33":3,"34":1,"35":2,"36":2,"37":2,"38":1,"39":1,"40":1,"41":2,"42":3,"43":3,"44":3,"45":3,"46":2,"47":1,"48":1,"49":3,"50":0,"51":0,"52":0,"53":2,"54":2,"55":2,"56":2,"57":2,"58":2,"59":1,"60":1,"61":1,"62":1,"63":1,"64":2,"65":2,"66":2,"67":1,"68":1,"69":1,"70":1},"f":{"0":1,"1":2,"2":1,"3":3,"4":3,"5":2,"6":2},"b":{"0":[1,1],"1":[2,0],"2":[1,1],"3":[1,1],"4":[1,2],"5":[1,0],"6":[2,1],"7":[2,2],"8":[2,2]},"_coverageSchema":"1a1c01bbd47fc00a2c39e90264f33305004495a9","hash":"439989d50a3d908c20112e71390b5dbdf77728da"}
,"/Users/temitopealabi/Documents/personal/jobs/Vivacity_Tech/backend/src/models/_config.ts": {"path":"/Users/temitopealabi/Documents/personal/jobs/Vivacity_Tech/backend/src/models/_config.ts","statementMap":{"0":{"start":{"line":3,"column":48},"end":{"line":3,"column":60}},"1":{"start":{"line":19,"column":18},"end":{"line":31,"column":2}},"2":{"start":{"line":33,"column":35},"end":{"line":40,"column":1}},"3":{"start":{"line":34,"column":4},"end":{"line":39,"column":5}},"4":{"start":{"line":35,"column":8},"end":{"line":35,"column":39}},"5":{"start":{"line":36,"column":8},"end":{"line":36,"column":79}},"6":{"start":{"line":38,"column":8},"end":{"line":38,"column":67}}},"fnMap":{"0":{"name":"(anonymous_0)","decl":{"start":{"line":33,"column":35},"end":{"line":33,"column":36}},"loc":{"start":{"line":33,"column":47},"end":{"line":40,"column":1}},"line":33}},"branchMap":{},"s":{"0":2,"1":2,"2":2,"3":0,"4":0,"5":0,"6":0},"f":{"0":0},"b":{},"_coverageSchema":"1a1c01bbd47fc00a2c39e90264f33305004495a9","hash":"1361893408a22716093e6436cf17d5232b9ebb3f"}
,"/Users/temitopealabi/Documents/personal/jobs/Vivacity_Tech/backend/src/models/applicants.model.ts": {"path":"/Users/temitopealabi/Documents/personal/jobs/Vivacity_Tech/backend/src/models/applicants.model.ts","statementMap":{"0":{"start":{"line":42,"column":0},"end":{"line":64,"column":20}}},"fnMap":{},"branchMap":{},"s":{"0":2},"f":{},"b":{},"_coverageSchema":"1a1c01bbd47fc00a2c39e90264f33305004495a9","hash":"00d3c3dd1ac1617bae2a84d752b13bba0c03839d"}
,"/Users/temitopealabi/Documents/personal/jobs/Vivacity_Tech/backend/src/routes/applicant.route.ts": {"path":"/Users/temitopealabi/Documents/personal/jobs/Vivacity_Tech/backend/src/routes/applicant.route.ts","statementMap":{"0":{"start":{"line":6,"column":8},"end":{"line":6,"column":36}},"1":{"start":{"line":7,"column":8},"end":{"line":7,"column":38}},"2":{"start":{"line":8,"column":8},"end":{"line":8,"column":39}},"3":{"start":{"line":9,"column":8},"end":{"line":9,"column":39}},"4":{"start":{"line":12,"column":8},"end":{"line":12,"column":38}},"5":{"start":{"line":13,"column":8},"end":{"line":13,"column":39}},"6":{"start":{"line":17,"column":8},"end":{"line":17,"column":41}},"7":{"start":{"line":21,"column":8},"end":{"line":21,"column":57}},"8":{"start":{"line":28,"column":8},"end":{"line":28,"column":58}},"9":{"start":{"line":32,"column":8},"end":{"line":32,"column":59}},"10":{"start":{"line":36,"column":8},"end":{"line":36,"column":62}},"11":{"start":{"line":40,"column":8},"end":{"line":40,"column":58}},"12":{"start":{"line":46,"column":8},"end":{"line":46,"column":62}},"13":{"start":{"line":50,"column":8},"end":{"line":50,"column":62}}},"fnMap":{"0":{"name":"(anonymous_0)","decl":{"start":{"line":5,"column":4},"end":{"line":5,"column":5}},"loc":{"start":{"line":5,"column":56},"end":{"line":10,"column":5}},"line":5},"1":{"name":"(anonymous_1)","decl":{"start":{"line":11,"column":4},"end":{"line":11,"column":5}},"loc":{"start":{"line":11,"column":57},"end":{"line":14,"column":5}},"line":11},"2":{"name":"(anonymous_2)","decl":{"start":{"line":16,"column":4},"end":{"line":16,"column":5}},"loc":{"start":{"line":16,"column":62},"end":{"line":18,"column":5}},"line":16},"3":{"name":"(anonymous_3)","decl":{"start":{"line":20,"column":4},"end":{"line":20,"column":5}},"loc":{"start":{"line":20,"column":51},"end":{"line":22,"column":5}},"line":20},"4":{"name":"(anonymous_4)","decl":{"start":{"line":27,"column":4},"end":{"line":27,"column":5}},"loc":{"start":{"line":27,"column":53},"end":{"line":29,"column":5}},"line":27},"5":{"name":"(anonymous_5)","decl":{"start":{"line":31,"column":4},"end":{"line":31,"column":5}},"loc":{"start":{"line":31,"column":54},"end":{"line":33,"column":5}},"line":31},"6":{"name":"(anonymous_6)","decl":{"start":{"line":35,"column":4},"end":{"line":35,"column":5}},"loc":{"start":{"line":35,"column":54},"end":{"line":37,"column":5}},"line":35},"7":{"name":"(anonymous_7)","decl":{"start":{"line":39,"column":4},"end":{"line":39,"column":5}},"loc":{"start":{"line":39,"column":53},"end":{"line":41,"column":5}},"line":39},"8":{"name":"(anonymous_8)","decl":{"start":{"line":45,"column":4},"end":{"line":45,"column":5}},"loc":{"start":{"line":45,"column":54},"end":{"line":47,"column":5}},"line":45},"9":{"name":"(anonymous_9)","decl":{"start":{"line":49,"column":4},"end":{"line":49,"column":5}},"loc":{"start":{"line":49,"column":56},"end":{"line":51,"column":5}},"line":49}},"branchMap":{},"s":{"0":1,"1":1,"2":1,"3":1,"4":1,"5":1,"6":1,"7":1,"8":1,"9":1,"10":1,"11":1,"12":1,"13":1},"f":{"0":1,"1":1,"2":1,"3":1,"4":1,"5":1,"6":1,"7":1,"8":1,"9":1},"b":{},"_coverageSchema":"1a1c01bbd47fc00a2c39e90264f33305004495a9","hash":"8121338f67bbf34cc5fce7149795fa8c6a677ff4"}
,"/Users/temitopealabi/Documents/personal/jobs/Vivacity_Tech/backend/src/routes/index.route.ts": {"path":"/Users/temitopealabi/Documents/personal/jobs/Vivacity_Tech/backend/src/routes/index.route.ts","statementMap":{"0":{"start":{"line":7,"column":22},"end":{"line":25,"column":1}},"1":{"start":{"line":8,"column":19},"end":{"line":8,"column":35}},"2":{"start":{"line":9,"column":4},"end":{"line":9,"column":43}},"3":{"start":{"line":10,"column":4},"end":{"line":10,"column":69}},"4":{"start":{"line":11,"column":4},"end":{"line":11,"column":82}},"5":{"start":{"line":12,"column":4},"end":{"line":12,"column":71}},"6":{"start":{"line":13,"column":4},"end":{"line":13,"column":88}},"7":{"start":{"line":13,"column":52},"end":{"line":13,"column":87}},"8":{"start":{"line":18,"column":4},"end":{"line":18,"column":20}}},"fnMap":{"0":{"name":"(anonymous_0)","decl":{"start":{"line":7,"column":22},"end":{"line":7,"column":23}},"loc":{"start":{"line":7,"column":44},"end":{"line":25,"column":1}},"line":7},"1":{"name":"(anonymous_1)","decl":{"start":{"line":13,"column":20},"end":{"line":13,"column":21}},"loc":{"start":{"line":13,"column":52},"end":{"line":13,"column":87}},"line":13}},"branchMap":{},"s":{"0":1,"1":1,"2":1,"3":1,"4":1,"5":1,"6":1,"7":1,"8":1},"f":{"0":1,"1":1},"b":{},"_coverageSchema":"1a1c01bbd47fc00a2c39e90264f33305004495a9","hash":"38c4c7350befce0aa01338a0905fa2ff5f8c0d6a"}
}
