TN:
SF:src/env.ts
FNF:0
FNH:0
DA:2,2
DA:4,2
LF:2
LH:2
BRF:0
BRH:0
end_of_record
TN:
SF:src/controllers/applicant.control.ts
FN:7,(anonymous_0)
FN:20,(anonymous_1)
FN:42,(anonymous_2)
FN:58,(anonymous_3)
FN:78,(anonymous_4)
FN:98,(anonymous_5)
FN:116,(anonymous_6)
FNF:7
FNH:7
FNDA:1,(anonymous_0)
FNDA:2,(anonymous_1)
FNDA:1,(anonymous_2)
FNDA:3,(anonymous_3)
FNDA:3,(anonymous_4)
FNDA:2,(anonymous_5)
FNDA:2,(anonymous_6)
DA:7,2
DA:8,1
DA:9,1
DA:10,1
DA:11,1
DA:13,0
DA:14,0
DA:15,0
DA:20,2
DA:21,2
DA:22,2
DA:23,2
DA:25,2
DA:26,2
DA:32,1
DA:33,1
DA:36,1
DA:37,1
DA:38,1
DA:42,2
DA:43,1
DA:44,1
DA:45,1
DA:46,1
DA:48,1
DA:50,1
DA:52,0
DA:53,0
DA:54,0
DA:58,2
DA:59,3
DA:60,3
DA:61,3
DA:62,1
DA:65,2
DA:66,2
DA:69,2
DA:72,1
DA:73,1
DA:74,1
DA:78,2
DA:79,3
DA:81,3
DA:82,3
DA:84,3
DA:87,1
DA:88,1
DA:90,3
DA:92,0
DA:93,0
DA:94,0
DA:98,2
DA:99,2
DA:100,2
DA:101,2
DA:102,2
DA:103,2
DA:104,1
DA:105,1
DA:107,1
DA:108,1
DA:109,1
DA:116,2
DA:117,2
DA:118,2
DA:119,1
DA:121,1
DA:122,1
DA:123,1
LF:69
LH:60
BRDA:25,0,0,1
BRDA:25,0,1,1
BRDA:26,1,0,2
BRDA:26,1,1,0
BRDA:44,2,0,1
BRDA:44,2,1,1
BRDA:45,3,0,1
BRDA:45,3,1,1
BRDA:61,4,0,1
BRDA:61,4,1,2
BRDA:73,5,0,1
BRDA:73,5,1,0
BRDA:84,6,0,2
BRDA:84,6,1,1
BRDA:100,7,0,2
BRDA:100,7,1,2
BRDA:101,8,0,2
BRDA:101,8,1,2
BRF:18
BRH:16
end_of_record
TN:
SF:src/models/_config.ts
FN:33,(anonymous_0)
FNF:1
FNH:0
FNDA:0,(anonymous_0)
DA:3,2
DA:19,2
DA:33,2
DA:34,0
DA:35,0
DA:36,0
DA:38,0
LF:7
LH:3
BRF:0
BRH:0
end_of_record
TN:
SF:src/models/applicants.model.ts
FNF:0
FNH:0
DA:42,2
LF:1
LH:1
BRF:0
BRH:0
end_of_record
TN:
SF:src/routes/applicant.route.ts
FN:5,(anonymous_0)
FN:11,(anonymous_1)
FN:16,(anonymous_2)
FN:20,(anonymous_3)
FN:27,(anonymous_4)
FN:31,(anonymous_5)
FN:35,(anonymous_6)
FN:39,(anonymous_7)
FN:45,(anonymous_8)
FN:49,(anonymous_9)
FNF:10
FNH:10
FNDA:1,(anonymous_0)
FNDA:1,(anonymous_1)
FNDA:1,(anonymous_2)
FNDA:1,(anonymous_3)
FNDA:1,(anonymous_4)
FNDA:1,(anonymous_5)
FNDA:1,(anonymous_6)
FNDA:1,(anonymous_7)
FNDA:1,(anonymous_8)
FNDA:1,(anonymous_9)
DA:6,1
DA:7,1
DA:8,1
DA:9,1
DA:12,1
DA:13,1
DA:17,1
DA:21,1
DA:28,1
DA:32,1
DA:36,1
DA:40,1
DA:46,1
DA:50,1
LF:14
LH:14
BRF:0
BRH:0
end_of_record
TN:
SF:src/routes/index.route.ts
FN:7,(anonymous_0)
FN:13,(anonymous_1)
FNF:2
FNH:2
FNDA:1,(anonymous_0)
FNDA:1,(anonymous_1)
DA:7,1
DA:8,1
DA:9,1
DA:10,1
DA:11,1
DA:12,1
DA:13,1
DA:18,1
LF:8
LH:8
BRF:0
BRH:0
end_of_record
